Created by PLY version 3.8 (http://www.dabeaz.com/ply)

Grammar

Rule 0     S' -> statement
Rule 1     statement -> expr ;
Rule 2     statement -> { }
Rule 3     statement -> { block_item_list }
Rule 4     block_item_list -> statement
Rule 5     block_item_list -> block_item_list statement
Rule 6     expr -> term + expr
Rule 7     expr -> term - expr
Rule 8     expr -> term
Rule 9     expr -> NAME = expr
Rule 10    term -> factor * term
Rule 11    term -> factor / term
Rule 12    term -> factor
Rule 13    factor -> ( expr )
Rule 14    factor -> NUM
Rule 15    factor -> NAME

Terminals, with rules where they appear

(                    : 13
)                    : 13
*                    : 10
+                    : 6
-                    : 7
/                    : 11
;                    : 1
=                    : 9
NAME                 : 9 15
NUM                  : 14
error                : 
{                    : 2 3
}                    : 2 3

Nonterminals, with rules where they appear

block_item_list      : 3 5
expr                 : 1 6 7 9 13
factor               : 10 11 12
statement            : 4 5 0
term                 : 6 7 8 10 11

Parsing method: LALR

state 0

    (0) S' -> . statement
    (1) statement -> . expr ;
    (2) statement -> . { }
    (3) statement -> . { block_item_list }
    (6) expr -> . term + expr
    (7) expr -> . term - expr
    (8) expr -> . term
    (9) expr -> . NAME = expr
    (10) term -> . factor * term
    (11) term -> . factor / term
    (12) term -> . factor
    (13) factor -> . ( expr )
    (14) factor -> . NUM
    (15) factor -> . NAME

    {               shift and go to state 8
    NAME            shift and go to state 2
    (               shift and go to state 5
    NUM             shift and go to state 4

    expr                           shift and go to state 3
    term                           shift and go to state 1
    statement                      shift and go to state 6
    factor                         shift and go to state 7

state 1

    (6) expr -> term . + expr
    (7) expr -> term . - expr
    (8) expr -> term .

    +               shift and go to state 10
    -               shift and go to state 9
    ;               reduce using rule 8 (expr -> term .)
    )               reduce using rule 8 (expr -> term .)


state 2

    (9) expr -> NAME . = expr
    (15) factor -> NAME .

    =               shift and go to state 11
    *               reduce using rule 15 (factor -> NAME .)
    /               reduce using rule 15 (factor -> NAME .)
    +               reduce using rule 15 (factor -> NAME .)
    -               reduce using rule 15 (factor -> NAME .)
    ;               reduce using rule 15 (factor -> NAME .)
    )               reduce using rule 15 (factor -> NAME .)


state 3

    (1) statement -> expr . ;

    ;               shift and go to state 12


state 4

    (14) factor -> NUM .

    *               reduce using rule 14 (factor -> NUM .)
    /               reduce using rule 14 (factor -> NUM .)
    +               reduce using rule 14 (factor -> NUM .)
    -               reduce using rule 14 (factor -> NUM .)
    ;               reduce using rule 14 (factor -> NUM .)
    )               reduce using rule 14 (factor -> NUM .)


state 5

    (13) factor -> ( . expr )
    (6) expr -> . term + expr
    (7) expr -> . term - expr
    (8) expr -> . term
    (9) expr -> . NAME = expr
    (10) term -> . factor * term
    (11) term -> . factor / term
    (12) term -> . factor
    (13) factor -> . ( expr )
    (14) factor -> . NUM
    (15) factor -> . NAME

    NAME            shift and go to state 2
    (               shift and go to state 5
    NUM             shift and go to state 4

    expr                           shift and go to state 13
    term                           shift and go to state 1
    factor                         shift and go to state 7

state 6

    (0) S' -> statement .



state 7

    (10) term -> factor . * term
    (11) term -> factor . / term
    (12) term -> factor .

    *               shift and go to state 14
    /               shift and go to state 15
    +               reduce using rule 12 (term -> factor .)
    -               reduce using rule 12 (term -> factor .)
    ;               reduce using rule 12 (term -> factor .)
    )               reduce using rule 12 (term -> factor .)


state 8

    (2) statement -> { . }
    (3) statement -> { . block_item_list }
    (4) block_item_list -> . statement
    (5) block_item_list -> . block_item_list statement
    (1) statement -> . expr ;
    (2) statement -> . { }
    (3) statement -> . { block_item_list }
    (6) expr -> . term + expr
    (7) expr -> . term - expr
    (8) expr -> . term
    (9) expr -> . NAME = expr
    (10) term -> . factor * term
    (11) term -> . factor / term
    (12) term -> . factor
    (13) factor -> . ( expr )
    (14) factor -> . NUM
    (15) factor -> . NAME

    }               shift and go to state 17
    {               shift and go to state 8
    NAME            shift and go to state 2
    (               shift and go to state 5
    NUM             shift and go to state 4

    expr                           shift and go to state 3
    term                           shift and go to state 1
    block_item_list                shift and go to state 18
    statement                      shift and go to state 16
    factor                         shift and go to state 7

state 9

    (7) expr -> term - . expr
    (6) expr -> . term + expr
    (7) expr -> . term - expr
    (8) expr -> . term
    (9) expr -> . NAME = expr
    (10) term -> . factor * term
    (11) term -> . factor / term
    (12) term -> . factor
    (13) factor -> . ( expr )
    (14) factor -> . NUM
    (15) factor -> . NAME

    NAME            shift and go to state 2
    (               shift and go to state 5
    NUM             shift and go to state 4

    expr                           shift and go to state 19
    term                           shift and go to state 1
    factor                         shift and go to state 7

state 10

    (6) expr -> term + . expr
    (6) expr -> . term + expr
    (7) expr -> . term - expr
    (8) expr -> . term
    (9) expr -> . NAME = expr
    (10) term -> . factor * term
    (11) term -> . factor / term
    (12) term -> . factor
    (13) factor -> . ( expr )
    (14) factor -> . NUM
    (15) factor -> . NAME

    NAME            shift and go to state 2
    (               shift and go to state 5
    NUM             shift and go to state 4

    expr                           shift and go to state 20
    term                           shift and go to state 1
    factor                         shift and go to state 7

state 11

    (9) expr -> NAME = . expr
    (6) expr -> . term + expr
    (7) expr -> . term - expr
    (8) expr -> . term
    (9) expr -> . NAME = expr
    (10) term -> . factor * term
    (11) term -> . factor / term
    (12) term -> . factor
    (13) factor -> . ( expr )
    (14) factor -> . NUM
    (15) factor -> . NAME

    NAME            shift and go to state 2
    (               shift and go to state 5
    NUM             shift and go to state 4

    expr                           shift and go to state 21
    term                           shift and go to state 1
    factor                         shift and go to state 7

state 12

    (1) statement -> expr ; .

    }               reduce using rule 1 (statement -> expr ; .)
    {               reduce using rule 1 (statement -> expr ; .)
    NAME            reduce using rule 1 (statement -> expr ; .)
    (               reduce using rule 1 (statement -> expr ; .)
    NUM             reduce using rule 1 (statement -> expr ; .)
    $end            reduce using rule 1 (statement -> expr ; .)


state 13

    (13) factor -> ( expr . )

    )               shift and go to state 22


state 14

    (10) term -> factor * . term
    (10) term -> . factor * term
    (11) term -> . factor / term
    (12) term -> . factor
    (13) factor -> . ( expr )
    (14) factor -> . NUM
    (15) factor -> . NAME

    (               shift and go to state 5
    NUM             shift and go to state 4
    NAME            shift and go to state 24

    term                           shift and go to state 23
    factor                         shift and go to state 7

state 15

    (11) term -> factor / . term
    (10) term -> . factor * term
    (11) term -> . factor / term
    (12) term -> . factor
    (13) factor -> . ( expr )
    (14) factor -> . NUM
    (15) factor -> . NAME

    (               shift and go to state 5
    NUM             shift and go to state 4
    NAME            shift and go to state 24

    term                           shift and go to state 25
    factor                         shift and go to state 7

state 16

    (4) block_item_list -> statement .

    }               reduce using rule 4 (block_item_list -> statement .)
    {               reduce using rule 4 (block_item_list -> statement .)
    NAME            reduce using rule 4 (block_item_list -> statement .)
    (               reduce using rule 4 (block_item_list -> statement .)
    NUM             reduce using rule 4 (block_item_list -> statement .)


state 17

    (2) statement -> { } .

    }               reduce using rule 2 (statement -> { } .)
    {               reduce using rule 2 (statement -> { } .)
    NAME            reduce using rule 2 (statement -> { } .)
    (               reduce using rule 2 (statement -> { } .)
    NUM             reduce using rule 2 (statement -> { } .)
    $end            reduce using rule 2 (statement -> { } .)


state 18

    (3) statement -> { block_item_list . }
    (5) block_item_list -> block_item_list . statement
    (1) statement -> . expr ;
    (2) statement -> . { }
    (3) statement -> . { block_item_list }
    (6) expr -> . term + expr
    (7) expr -> . term - expr
    (8) expr -> . term
    (9) expr -> . NAME = expr
    (10) term -> . factor * term
    (11) term -> . factor / term
    (12) term -> . factor
    (13) factor -> . ( expr )
    (14) factor -> . NUM
    (15) factor -> . NAME

    }               shift and go to state 27
    {               shift and go to state 8
    NAME            shift and go to state 2
    (               shift and go to state 5
    NUM             shift and go to state 4

    expr                           shift and go to state 3
    term                           shift and go to state 1
    statement                      shift and go to state 26
    factor                         shift and go to state 7

state 19

    (7) expr -> term - expr .

    ;               reduce using rule 7 (expr -> term - expr .)
    )               reduce using rule 7 (expr -> term - expr .)


state 20

    (6) expr -> term + expr .

    ;               reduce using rule 6 (expr -> term + expr .)
    )               reduce using rule 6 (expr -> term + expr .)


state 21

    (9) expr -> NAME = expr .

    ;               reduce using rule 9 (expr -> NAME = expr .)
    )               reduce using rule 9 (expr -> NAME = expr .)


state 22

    (13) factor -> ( expr ) .

    *               reduce using rule 13 (factor -> ( expr ) .)
    /               reduce using rule 13 (factor -> ( expr ) .)
    +               reduce using rule 13 (factor -> ( expr ) .)
    -               reduce using rule 13 (factor -> ( expr ) .)
    ;               reduce using rule 13 (factor -> ( expr ) .)
    )               reduce using rule 13 (factor -> ( expr ) .)


state 23

    (10) term -> factor * term .

    +               reduce using rule 10 (term -> factor * term .)
    -               reduce using rule 10 (term -> factor * term .)
    ;               reduce using rule 10 (term -> factor * term .)
    )               reduce using rule 10 (term -> factor * term .)


state 24

    (15) factor -> NAME .

    *               reduce using rule 15 (factor -> NAME .)
    /               reduce using rule 15 (factor -> NAME .)
    +               reduce using rule 15 (factor -> NAME .)
    -               reduce using rule 15 (factor -> NAME .)
    ;               reduce using rule 15 (factor -> NAME .)
    )               reduce using rule 15 (factor -> NAME .)


state 25

    (11) term -> factor / term .

    +               reduce using rule 11 (term -> factor / term .)
    -               reduce using rule 11 (term -> factor / term .)
    ;               reduce using rule 11 (term -> factor / term .)
    )               reduce using rule 11 (term -> factor / term .)


state 26

    (5) block_item_list -> block_item_list statement .

    }               reduce using rule 5 (block_item_list -> block_item_list statement .)
    {               reduce using rule 5 (block_item_list -> block_item_list statement .)
    NAME            reduce using rule 5 (block_item_list -> block_item_list statement .)
    (               reduce using rule 5 (block_item_list -> block_item_list statement .)
    NUM             reduce using rule 5 (block_item_list -> block_item_list statement .)


state 27

    (3) statement -> { block_item_list } .

    }               reduce using rule 3 (statement -> { block_item_list } .)
    {               reduce using rule 3 (statement -> { block_item_list } .)
    NAME            reduce using rule 3 (statement -> { block_item_list } .)
    (               reduce using rule 3 (statement -> { block_item_list } .)
    NUM             reduce using rule 3 (statement -> { block_item_list } .)
    $end            reduce using rule 3 (statement -> { block_item_list } .)

